\BOOKMARK [0][-]{chapter*.2}{\376\377\000L\000i\000s\000t\000\040\000o\000f\000\040\000F\000i\000g\000u\000r\000e\000s}{}% 1
\BOOKMARK [0][-]{chapter*.3}{\376\377\000L\000i\000s\000t\000\040\000o\000f\000\040\000T\000a\000b\000l\000e\000s}{}% 2
\BOOKMARK [0][-]{chapter*.4}{\376\377\000I\000n\000t\000r\000o\000d\000u\000c\000t\000i\000o\000n}{}% 3
\BOOKMARK [0][-]{chapter.1}{\376\377\000P\000r\000o\000b\000l\000\351\000m\000a\000t\000i\000q\000u\000e}{}% 4
\BOOKMARK [1][-]{section.1.1}{\376\377\000I\000n\000t\000r\000o\000d\000u\000c\000t\000i\000o\000n}{chapter.1}% 5
\BOOKMARK [1][-]{section.1.2}{\376\377\000C\000o\000n\000t\000e\000x\000t\000e}{chapter.1}% 6
\BOOKMARK [2][-]{subsection.1.2.1}{\376\377\000H\000i\000s\000t\000o\000i\000r\000e\000\040\000d\000e\000\040\000l\000'\000a\000p\000p\000r\000e\000n\000t\000i\000s\000s\000a\000g\000e\000\040\000a\000p\000p\000r\000o\000f\000o\000n\000d\000i\000e}{section.1.2}% 7
\BOOKMARK [2][-]{subsection.1.2.2}{\376\377\000L\000e\000\040\000c\000o\000\373\000t\000\040\000d\000e\000\040\000l\000'\000I\000A}{section.1.2}% 8
\BOOKMARK [2][-]{subsection.1.2.3}{\376\377\000L\000e\000s\000\040\000l\000i\000m\000i\000t\000e\000s\000\040\000d\000e\000s\000\040\000s\000y\000s\000t\000\350\000m\000e\000s\000\040\000e\000m\000b\000a\000r\000q\000u\000\351\000s}{section.1.2}% 9
\BOOKMARK [1][-]{section.1.3}{\376\377\000L\000e\000\040\000B\000i\000n\000a\000r\000y\000\040\000N\000e\000u\000r\000a\000l\000\040\000N\000e\000t\000w\000o\000r\000k}{chapter.1}% 10
\BOOKMARK [2][-]{subsection.1.3.1}{\376\377\000I\000n\000t\000r\000o\000d\000u\000c\000t\000i\000o\000n}{section.1.3}% 11
\BOOKMARK [2][-]{subsection.1.3.2}{\376\377\000L\000a\000\040\000s\000i\000g\000n\000i\000f\000i\000c\000a\000t\000i\000o\000n\000\040\000d\000e\000\040\000"\000B\000i\000n\000a\000r\000y\000"}{section.1.3}% 12
\BOOKMARK [1][-]{section.1.4}{\376\377\000B\000i\000n\000a\000r\000y\000F\000l\000o\000w}{chapter.1}% 13
\BOOKMARK [2][-]{subsection.1.4.1}{\376\377\000I\000n\000t\000r\000o\000d\000u\000c\000t\000i\000o\000n}{section.1.4}% 14
\BOOKMARK [2][-]{subsection.1.4.2}{\376\377\000R\000a\000i\000s\000o\000n\000\040\000d\000'\000e\000x\000i\000s\000t\000e\000r}{section.1.4}% 15
\BOOKMARK [2][-]{subsection.1.4.3}{\376\377\000S\000i\000g\000n\000i\000f\000i\000c\000a\000t\000i\000o\000n\000\040\000d\000u\000\040\000n\000o\000m}{section.1.4}% 16
\BOOKMARK [2][-]{subsection.1.4.4}{\376\377\000S\000o\000l\000u\000t\000i\000o\000n\000s\000\040\000o\000f\000f\000e\000r\000t\000e\000s\000\040\000p\000a\000r\000\040\000B\000i\000n\000a\000r\000y\000F\000l\000o\000w}{section.1.4}% 17
\BOOKMARK [0][-]{chapter.2}{\376\377\000A\000p\000p\000r\000o\000c\000h\000e\000\040\000T\000h\000\351\000o\000r\000i\000q\000u\000e}{}% 18
\BOOKMARK [1][-]{section.2.1}{\376\377\000I\000n\000t\000r\000o\000d\000u\000c\000t\000i\000o\000n}{chapter.2}% 19
\BOOKMARK [1][-]{section.2.2}{\376\377\000F\000o\000r\000m\000a\000l\000i\000s\000a\000t\000i\000o\000n}{chapter.2}% 20
\BOOKMARK [2][-]{subsection.2.2.1}{\376\377\000N\000o\000t\000a\000t\000i\000o\000n\000s}{section.2.2}% 21
\BOOKMARK [2][-]{subsection.2.2.2}{\376\377\000D\000\351\000f\000i\000n\000i\000t\000i\000o\000n\000\040\000d\000'\000u\000n\000\040\000B\000N\000N}{section.2.2}% 22
\BOOKMARK [2][-]{subsection.2.2.3}{\376\377\000O\000b\000j\000e\000c\000t\000i\000f}{section.2.2}% 23
\BOOKMARK [1][-]{section.2.3}{\376\377\000E\000n\000t\000r\000a\000\356\000n\000e\000m\000e\000n\000t}{chapter.2}% 24
\BOOKMARK [2][-]{subsection.2.3.1}{\376\377\000D\000i\000f\000f\000i\000c\000u\000l\000t\000\351\000\040\000d\000u\000\040\000p\000r\000o\000b\000l\000\350\000m\000e\000\040\000d\000i\000s\000c\000r\000e\000t}{section.2.3}% 25
\BOOKMARK [2][-]{subsection.2.3.2}{\376\377\000G\000r\000a\000d\000i\000e\000n\000t\000\040\000N\000u\000l}{section.2.3}% 26
\BOOKMARK [1][-]{section.2.4}{\376\377\000O\000p\000t\000i\000m\000i\000s\000a\000t\000i\000o\000n\000s}{chapter.2}% 27
\BOOKMARK [2][-]{subsection.2.4.1}{\376\377\000D\000\351\000f\000i\000n\000i\000t\000i\000o\000n\000s}{section.2.4}% 28
\BOOKMARK [2][-]{subsection.2.4.2}{\376\377\000C\000o\000d\000a\000g\000e\000\040\000s\000u\000r\000\040\0001\000b\000i\000t}{section.2.4}% 29
\BOOKMARK [2][-]{subsection.2.4.3}{\376\377\000U\000t\000i\000l\000i\000s\000a\000t\000i\000o\000n\000\040\000d\000e\000\040\000X\000N\000O\000R}{section.2.4}% 30
\BOOKMARK [2][-]{subsection.2.4.4}{\376\377\000U\000t\000i\000l\000i\000s\000a\000t\000i\000o\000n\000\040\000d\000e\000\040\000P\000O\000P\000C\000O\000U\000N\000T}{section.2.4}% 31
\BOOKMARK [2][-]{subsection.2.4.5}{\376\377\000G\000a\000i\000n\000\040\000T\000e\000m\000p\000s\000\040\000\046\000\040\000M\000\351\000m\000o\000i\000r\000e}{section.2.4}% 32
\BOOKMARK [0][-]{chapter.3}{\376\377\000M\000o\000d\000\351\000l\000i\000s\000a\000t\000i\000o\000n}{}% 33
\BOOKMARK [1][-]{section.3.1}{\376\377\000I\000n\000t\000r\000o\000d\000u\000c\000t\000i\000o\000n}{chapter.3}% 34
\BOOKMARK [2][-]{subsection.3.1.1}{\376\377\000I\000m\000p\000o\000r\000t\000a\000n\000c\000e\000\040\000d\000e\000\040\000c\000e\000\040\000c\000h\000a\000p\000i\000t\000r\000e}{section.3.1}% 35
\BOOKMARK [2][-]{subsection.3.1.2}{\376\377\000C\000o\000n\000v\000e\000n\000t\000i\000o\000n\000\040\000U\000t\000i\000l\000i\000s\000\351\000e}{section.3.1}% 36
\BOOKMARK [1][-]{section.3.2}{\376\377\000H\000i\000s\000t\000o\000i\000r\000e}{chapter.3}% 37
\BOOKMARK [1][-]{section.3.3}{\376\377\000C\000o\000m\000p\000a\000r\000a\000i\000s\000o\000n}{chapter.3}% 38
\BOOKMARK [2][-]{subsection.3.3.1}{\376\377\000P\000a\000r\000\040\000q\000u\000a\000n\000t\000i\000f\000i\000c\000a\000t\000i\000o\000n}{section.3.3}% 39
\BOOKMARK [2][-]{subsection.3.3.2}{\376\377\000P\000a\000r\000\040\000a\000r\000c\000h\000i\000t\000e\000c\000t\000u\000r\000e}{section.3.3}% 40
\BOOKMARK [1][-]{section.3.4}{\376\377\000B\000i\000n\000a\000r\000y\000N\000e\000t}{chapter.3}% 41
\BOOKMARK [2][-]{subsection.3.4.1}{\376\377\000C\000o\000n\000c\000e\000p\000t\000i\000o\000n}{section.3.4}% 42
\BOOKMARK [2][-]{subsection.3.4.2}{\376\377\000T\000o\000p\000o\000l\000o\000g\000i\000e}{section.3.4}% 43
\BOOKMARK [2][-]{subsection.3.4.3}{\376\377\000U\000t\000i\000l\000i\000s\000a\000t\000i\000o\000n\000\040\000d\000'\000E\000s\000t\000i\000m\000a\000t\000e\000u\000r\000\040\000D\000i\000r\000e\000c\000t\000\040\000d\000e\000\040\000g\000r\000a\000d\000i\000e\000n\000t}{section.3.4}% 44
\BOOKMARK [2][-]{subsection.3.4.4}{\376\377\000O\000p\000t\000i\000m\000i\000s\000a\000t\000i\000o\000n\000s\000\040\000p\000o\000s\000s\000i\000b\000l\000e}{section.3.4}% 45
\BOOKMARK [1][-]{section.3.5}{\376\377\000X\000N\000O\000R\000-\000N\000E\000T}{chapter.3}% 46
\BOOKMARK [2][-]{subsection.3.5.1}{\376\377\000C\000o\000n\000c\000e\000p\000t\000i\000o\000n}{section.3.5}% 47
\BOOKMARK [2][-]{subsection.3.5.2}{\376\377\000T\000o\000p\000o\000l\000o\000g\000i\000e}{section.3.5}% 48
\BOOKMARK [2][-]{subsection.3.5.3}{\376\377\000R\000\351\000d\000u\000c\000t\000i\000o\000n\000\040\000d\000e\000\040\000l\000'\000e\000r\000r\000e\000u\000r\000\040\000d\000e\000\040\000q\000u\000a\000n\000t\000i\000f\000i\000c\000a\000t\000i\000o\000n}{section.3.5}% 49
\BOOKMARK [2][-]{subsection.3.5.4}{\376\377\000Q\000u\000a\000n\000t\000i\000f\000i\000c\000a\000t\000i\000o\000n\000\040\000o\000p\000t\000i\000m\000a\000l\000e\000\040\000d\000'\000u\000n\000\040\000v\000e\000c\000t\000e\000u\000r}{section.3.5}% 50
\BOOKMARK [2][-]{subsection.3.5.5}{\376\377\000Q\000u\000a\000n\000t\000i\000f\000i\000c\000a\000t\000i\000o\000n\000\040\000d\000'\000u\000n\000\040\000p\000r\000o\000d\000u\000i\000t\000\040\000s\000c\000a\000l\000a\000i\000r\000e\000\040\000d\000e\000\040\000d\000e\000u\000x\000\040\000v\000e\000c\000t\000e\000u\000r\000s}{section.3.5}% 51
\BOOKMARK [2][-]{subsection.3.5.6}{\376\377\000Q\000u\000a\000n\000t\000i\000f\000i\000c\000a\000t\000i\000o\000n\000\040\000d\000'\000u\000n\000e\000\040\000c\000o\000u\000c\000h\000e\000\040\000d\000e\000n\000s\000e\000\040\000p\000a\000r\000\040\000p\000r\000o\000d\000u\000i\000t\000s\000\040\000s\000c\000a\000l\000a\000i\000r\000e\000s}{section.3.5}% 52
\BOOKMARK [2][-]{subsection.3.5.7}{\376\377\000Q\000u\000a\000n\000t\000i\000f\000i\000c\000a\000t\000i\000o\000n\000\040\000d\000'\000u\000n\000e\000\040\000c\000o\000u\000c\000h\000e\000\040\000c\000o\000n\000v\000o\000l\000u\000t\000i\000o\000n\000n\000e\000l\000l\000e\000\040\000p\000a\000r\000\040\000p\000r\000o\000d\000u\000i\000t\000s\000\040\000s\000c\000a\000l\000a\000i\000r\000e\000s\000\040}{section.3.5}% 53
\BOOKMARK [2][-]{subsection.3.5.8}{\376\377\000Q\000u\000a\000n\000t\000i\000f\000i\000c\000a\000t\000i\000o\000n\000\040\000d\000'\000u\000n\000e\000\040\000o\000p\000\351\000r\000a\000t\000i\000o\000n\000\040\000b\000i\000l\000i\000n\000\351\000a\000i\000r\000e\000\040\000q\000u\000e\000l\000c\000o\000n\000q\000u\000e}{section.3.5}% 54
\BOOKMARK [1][-]{section.3.6}{\376\377\000A\000B\000C\000N\000e\000t}{chapter.3}% 55
\BOOKMARK [2][-]{subsection.3.6.1}{\376\377\000C\000o\000n\000c\000e\000p\000t\000i\000o\000n}{section.3.6}% 56
\BOOKMARK [2][-]{subsection.3.6.2}{\376\377\000T\000o\000p\000l\000o\000g\000i\000e}{section.3.6}% 57
\BOOKMARK [2][-]{subsection.3.6.3}{\376\377\000O\000b\000j\000e\000c\000t\000i\000f}{section.3.6}% 58
\BOOKMARK [2][-]{subsection.3.6.4}{\376\377\000C\000h\000o\000i\000x\000\040\000d\000e\000\040\000b\000i\000n\000a\000r\000i\000s\000a\000t\000i\000o\000n\000s\000\040\000d\000e\000\040\000b\000o\000l\000d\0000\000m\000u\000\040\000m\000u\000m\000u\000\040\000W\000W\000W\000W\000W\000W\000\050\000l\000\051}{section.3.6}% 59
\BOOKMARK [2][-]{subsection.3.6.5}{\376\377\000C\000h\000o\000i\000x\000\040\000d\000e\000\040\000b\000i\000n\000a\000r\000i\000s\000a\000t\000i\000o\000n\000s\000\040\000d\000e\000\040\000a\000\050\000l\000\051}{section.3.6}% 60
\BOOKMARK [2][-]{subsection.3.6.6}{\376\377\000Q\000u\000a\000n\000t\000i\000f\000i\000c\000a\000t\000i\000o\000n\000\040\000p\000a\000r\000\040\000t\000e\000n\000s\000e\000u\000r\000\040\000b\000i\000n\000a\000i\000r\000e}{section.3.6}% 61
\BOOKMARK [2][-]{subsection.3.6.7}{\376\377\000Q\000u\000a\000n\000t\000i\000f\000i\000c\000a\000t\000i\000o\000n\000\040\000p\000a\000r\000\040\000p\000r\000o\000d\000u\000i\000t\000\040\000s\000c\000a\000l\000a\000i\000r\000e}{section.3.6}% 62
\BOOKMARK [1][-]{section.3.7}{\376\377\000B\000i\000R\000e\000a\000l\000N\000e\000t}{chapter.3}% 63
\BOOKMARK [2][-]{subsection.3.7.1}{\376\377\000C\000o\000n\000c\000e\000p\000t\000i\000o\000n}{section.3.7}% 64
\BOOKMARK [2][-]{subsection.3.7.2}{\376\377\000T\000o\000p\000o\000l\000o\000g\000i\000e}{section.3.7}% 65
\BOOKMARK [2][-]{subsection.3.7.3}{\376\377\000B\000l\000o\000c\000k\000\040\000B\000i\000R\000e\000a\000l\000N\000e\000t}{section.3.7}% 66
\BOOKMARK [2][-]{subsection.3.7.4}{\376\377\000L\000i\000a\000i\000s\000o\000n\000\040\000r\000\351\000s\000i\000d\000u\000a\000l\000e}{section.3.7}% 67
\BOOKMARK [2][-]{subsection.3.7.5}{\376\377\000C\000h\000o\000i\000x\000\040\000d\000e\000\040\000l\000a\000\040\000q\000u\000a\000n\000t\000i\000f\000i\000c\000a\000t\000i\000o\000n}{section.3.7}% 68
\BOOKMARK [0][-]{chapter.4}{\376\377\000I\000m\000p\000l\000\351\000m\000e\000n\000t\000a\000t\000i\000o\000n}{}% 69
\BOOKMARK [1][-]{section.4.1}{\376\377\000I\000n\000t\000r\000o\000d\000u\000c\000t\000i\000o\000n}{chapter.4}% 70
\BOOKMARK [1][-]{section.4.2}{\376\377\000P\000a\000r\000a\000d\000i\000g\000m\000e\000s}{chapter.4}% 71
\BOOKMARK [2][-]{subsection.4.2.1}{\376\377\000D\000a\000n\000s\000\040\000l\000'\000i\000m\000p\000l\000\351\000m\000e\000n\000t\000a\000t\000i\000o\000n\000\040\000d\000e\000\040\000B\000i\000n\000a\000r\000y\000F\000l\000o\000w}{section.4.2}% 72
\BOOKMARK [2][-]{subsection.4.2.2}{\376\377\000D\000a\000n\000s\000\040\000l\000'\000u\000t\000i\000l\000i\000s\000a\000t\000i\000o\000n\000\040\000d\000e\000\040\000B\000i\000n\000a\000r\000y\000F\000l\000o\000w}{section.4.2}% 73
\BOOKMARK [2][-]{subsection.4.2.3}{\376\377\000D\000a\000n\000s\000\040\000l\000'\000e\000x\000t\000e\000n\000s\000i\000o\000n\000\040\000d\000e\000\040\000B\000i\000n\000a\000r\000y\000F\000l\000o\000w}{section.4.2}% 74
\BOOKMARK [1][-]{section.4.3}{\376\377\000C\000o\000n\000c\000e\000p\000t\000i\000o\000n}{chapter.4}% 75
\BOOKMARK [1][-]{section.4.4}{\376\377\000C\000o\000u\000c\000h\000e\000s}{chapter.4}% 76
\BOOKMARK [2][-]{subsection.4.4.1}{\376\377\000B\000i\000n\000a\000r\000y\000N\000e\000t}{section.4.4}% 77
\BOOKMARK [2][-]{subsection.4.4.2}{\376\377\000X\000n\000o\000r\000N\000e\000t}{section.4.4}% 78
\BOOKMARK [2][-]{subsection.4.4.3}{\376\377\000A\000B\000C\000N\000e\000t}{section.4.4}% 79
\BOOKMARK [1][-]{section.4.5}{\376\377\000B\000l\000o\000c\000k}{chapter.4}% 80
\BOOKMARK [1][-]{section.4.6}{\376\377\000B\000i\000n\000a\000r\000i\000s\000a\000t\000i\000o\000n\000s}{chapter.4}% 81
\BOOKMARK [2][-]{subsection.4.6.1}{\376\377\000P\000r\000o\000p\000a\000g\000a\000t\000i\000o\000n\000\040\000e\000n\000\040\000A\000v\000a\000n\000t}{section.4.6}% 82
\BOOKMARK [2][-]{subsection.4.6.2}{\376\377\000P\000r\000o\000p\000a\000g\000a\000t\000i\000o\000n\000\040\000e\000n\000\040\000a\000r\000r\000i\000\350\000r\000e}{section.4.6}% 83
\BOOKMARK [2][-]{subsection.4.6.3}{\376\377\000I\000m\000p\000l\000\351\000m\000e\000n\000t\000a\000t\000i\000o\000n}{section.4.6}% 84
\BOOKMARK [1][-]{section.4.7}{\376\377\000R\000\351\000g\000u\000l\000a\000r\000i\000s\000a\000t\000i\000o\000n\000s}{chapter.4}% 85
\BOOKMARK [2][-]{subsection.4.7.1}{\376\377\000E\000r\000r\000e\000u\000r\000\040\000d\000e\000\040\000q\000u\000a\000n\000t\000i\000f\000i\000c\000a\000t\000i\000o\000n\000\040\000d\000e\000s\000\040\000n\000o\000e\000u\000d\000s}{section.4.7}% 86
\BOOKMARK [2][-]{subsection.4.7.2}{\376\377\000E\000r\000r\000e\000u\000r\000\040\000d\000e\000\040\000q\000u\000a\000n\000t\000i\000f\000i\000c\000a\000t\000i\000o\000n\000\040\000d\000e\000s\000\040\000p\000o\000i\000d\000s}{section.4.7}% 87
\BOOKMARK [2][-]{subsection.4.7.3}{\376\377\000E\000r\000r\000e\000u\000r\000\040\000d\000e\000\040\000q\000u\000a\000n\000t\000i\000f\000i\000c\000a\000t\000i\000o\000n\000\040\000d\000e\000\040\000l\000'\000o\000p\000\351\000r\000a\000t\000i\000o\000n\000\040\000b\000i\000l\000i\000n\000\351\000a\000i\000r\000e}{section.4.7}% 88
\BOOKMARK [0][-]{chapter.5}{\376\377\000A\000n\000a\000l\000y\000s\000e}{}% 89
\BOOKMARK [1][-]{section.5.1}{\376\377\000I\000n\000t\000r\000o\000d\000u\000c\000t\000i\000o\000n}{chapter.5}% 90
\BOOKMARK [1][-]{section.5.2}{\376\377\000M\000\351\000t\000h\000o\000d\000o\000l\000o\000g\000i\000e\000\040\000a\000d\000o\000p\000t\000\351\000e}{chapter.5}% 91
\BOOKMARK [2][-]{subsection.5.2.1}{\376\377\000C\000R\000I\000S\000P\000-\000D\000M}{section.5.2}% 92
\BOOKMARK [1][-]{section.5.3}{\376\377\000R\000\351\000g\000r\000e\000s\000s\000i\000o\000n\000\040\000d\000e\000\040\000f\000:\000x\0002\000x\0002\000+\0003\000x\000+\0002\000\040\000s\000u\000r\000\040\000[\000-\0004\000,\0004\000]}{chapter.5}% 93
\BOOKMARK [2][-]{subsection.5.3.1}{\376\377\000I\000m\000p\000o\000r\000t\000a\000n\000c\000e}{section.5.3}% 94
\BOOKMARK [2][-]{subsection.5.3.2}{\376\377\000J\000e\000u\000x\000\040\000d\000e\000\040\000d\000o\000n\000n\000\351\000e\000s}{section.5.3}% 95
\BOOKMARK [2][-]{subsection.5.3.3}{\376\377\000M\000o\000d\000\350\000l\000e}{section.5.3}% 96
\BOOKMARK [2][-]{subsection.5.3.4}{\376\377\000H\000y\000p\000o\000t\000h\000\350\000s\000e\000s}{section.5.3}% 97
\BOOKMARK [2][-]{subsection.5.3.5}{\376\377\000P\000r\000o\000b\000l\000\350\000m\000e\000\040\000F\000o\000r\000m\000e\000l}{section.5.3}% 98
\BOOKMARK [2][-]{subsection.5.3.6}{\376\377\000E\000n\000t\000r\000a\000\356\000n\000e\000m\000e\000n\000t}{section.5.3}% 99
\BOOKMARK [2][-]{subsection.5.3.7}{\376\377\000P\000e\000r\000f\000o\000r\000m\000a\000n\000c\000e\000s\000\040\000d\000e\000\040\000p\000r\000\351\000d\000i\000c\000t\000i\000o\000n}{section.5.3}% 100
\BOOKMARK [1][-]{section.5.4}{\376\377\000C\000l\000a\000s\000s\000i\000f\000i\000c\000a\000t\000i\000o\000n\000\040\000M\000N\000I\000S\000T}{chapter.5}% 101
\BOOKMARK [2][-]{subsection.5.4.1}{\376\377\000I\000n\000t\000r\000o\000d\000u\000c\000t\000i\000o\000n}{section.5.4}% 102
\BOOKMARK [2][-]{subsection.5.4.2}{\376\377\000T\000o\000p\000o\000l\000o\000g\000i\000e}{section.5.4}% 103
\BOOKMARK [2][-]{subsection.5.4.3}{\376\377\000M\000o\000d\000\350\000l\000e}{section.5.4}% 104
\BOOKMARK [2][-]{subsection.5.4.4}{\376\377\000P\000e\000r\000f\000o\000r\000m\000a\000n\000c\000e\000s\000\040\000d\000e\000\040\000p\000r\000\351\000d\000i\000c\000t\000i\000o\000n\000s}{section.5.4}% 105
\BOOKMARK [2][-]{subsection.5.4.5}{\376\377\000P\000e\000r\000f\000o\000r\000m\000a\000n\000c\000e\000\040\000m\000\351\000m\000o\000i\000r\000e}{section.5.4}% 106
\BOOKMARK [2][-]{subsection.5.4.6}{\376\377\000P\000e\000r\000f\000o\000r\000m\000a\000n\000c\000e\000\040\000t\000e\000m\000p\000s}{section.5.4}% 107
\BOOKMARK [1][-]{section.5.5}{\376\377\000C\000l\000a\000s\000s\000i\000f\000i\000c\000a\000t\000i\000o\000n\000\040\000F\000r\000e\000e\000\040\000S\000p\000o\000k\000e\000n\000\040\000D\000i\000g\000i\000t\000s}{chapter.5}% 108
\BOOKMARK [2][-]{subsection.5.5.1}{\376\377\000I\000m\000p\000o\000r\000t\000a\000n\000c\000e}{section.5.5}% 109
\BOOKMARK [2][-]{subsection.5.5.2}{\376\377\000I\000n\000t\000r\000o\000d\000u\000c\000t\000i\000o\000n}{section.5.5}% 110
\BOOKMARK [2][-]{subsection.5.5.3}{\376\377\000S\000t\000r\000u\000c\000t\000u\000r\000e}{section.5.5}% 111
\BOOKMARK [2][-]{subsection.5.5.4}{\376\377\000A\000n\000a\000l\000y\000s\000e}{section.5.5}% 112
\BOOKMARK [0][-]{chapter.6}{\376\377\000D\000\351\000p\000l\000o\000i\000e\000m\000e\000n\000t}{}% 113
\BOOKMARK [1][-]{section.6.1}{\376\377\000M\000e\000t\000h\000o\000d\000o\000l\000o\000g\000y}{chapter.6}% 114
\BOOKMARK [2][-]{subsection.6.1.1}{\376\377\000S\000e\000l\000e\000c\000t\000i\000o\000n}{section.6.1}% 115
\BOOKMARK [2][-]{subsection.6.1.2}{\376\377\000P\000r\000e\000p\000r\000o\000c\000e\000s\000s\000i\000n\000g\000\040\000a\000n\000d\000\040\000f\000e\000a\000t\000u\000r\000e\000\040\000s\000e\000l\000e\000c\000t\000i\000o\000n}{section.6.1}% 116
\BOOKMARK [2][-]{subsection.6.1.3}{\376\377\000T\000r\000a\000n\000s\000f\000o\000r\000m\000a\000t\000i\000o\000n}{section.6.1}% 117
\BOOKMARK [2][-]{subsection.6.1.4}{\376\377\000D\000a\000t\000a\000\040\000M\000i\000n\000i\000n\000g}{section.6.1}% 118
\BOOKMARK [2][-]{subsection.6.1.5}{\376\377\000M\000o\000d\000e\000l\000\040\000S\000e\000l\000e\000c\000t\000i\000o\000n}{section.6.1}% 119
\BOOKMARK [1][-]{section.6.2}{\376\377\000R\000e\000s\000u\000l\000t\000s}{chapter.6}% 120
\BOOKMARK [2][-]{subsection.6.2.1}{\376\377\000T\000r\000a\000i\000n\000\040\000t\000e\000s\000t\000\040\000s\000p\000l\000i\000t}{section.6.2}% 121
\BOOKMARK [2][-]{subsection.6.2.2}{\376\377\000C\000r\000o\000s\000s\000\040\000V\000a\000l\000i\000d\000a\000t\000i\000o\000n}{section.6.2}% 122
\BOOKMARK [1][-]{section.6.3}{\376\377\000F\000i\000n\000a\000l\000\040\000M\000o\000d\000e\000l}{chapter.6}% 123
\BOOKMARK [1][-]{section.6.4}{\376\377\000C\000o\000n\000c\000l\000u\000s\000i\000o\000n}{chapter.6}% 124
\BOOKMARK [0][-]{chapter*.104}{\376\377\000C\000o\000n\000c\000l\000u\000s\000i\000o\000n}{}% 125
\BOOKMARK [0][-]{chapter*.105}{\376\377\000B\000i\000b\000l\000i\000o\000g\000r\000a\000p\000h\000y}{}% 126
